<?xml version="1.0" encoding="UTF-8"?>
<!-- Generated by org.testng.reporters.JUnitXMLReporter -->
<testsuite ignored="1" hostname="LAPTOP-BNCIGNIM" failures="0" tests="1" name="Default test" time="7.528" errors="0" timestamp="2025-11-12T20:24:02 IST">
  <testcase classname="testScript.ManageNewsTest" name="verifyUserIsAbleToAddNews" time="2.9"/>
  <testcase classname="testScript.ManageNewsTest" name="verifyUserIsAbleToSearch" time="0.0">
    <ignored/>
  </testcase> <!-- verifyUserIsAbleToSearch -->
</testsuite> <!-- Default test -->
