<?xml version="1.0" encoding="UTF-8"?>
<!-- Generated by org.testng.reporters.JUnitReportReporter -->
<testsuite hostname="LAPTOP-BNCIGNIM" failures="0" tests="2" name="testScript.ManageNewsTest" time="17.780" errors="0" timestamp="2025-11-20T13:50:44 IST" skipped="0">
  <testcase classname="testScript.ManageNewsTest" name="verifyUserIsAbleToAddNews" time="10.841"/>
  <testcase classname="testScript.ManageNewsTest" name="verifyUserIsAbleToSearch" time="6.939"/>
</testsuite> <!-- testScript.ManageNewsTest -->
