<?xml version="1.0" encoding="UTF-8"?>
<!-- Generated by org.testng.reporters.JUnitReportReporter -->
<testsuite hostname="LAPTOP-BNCIGNIM" failures="0" tests="2" name="testScript.ManageNewsTest" time="10.289" errors="0" timestamp="2025-11-26T19:06:49 IST" skipped="0">
  <testcase classname="testScript.ManageNewsTest" name="verifyUserIsAbleToAddNews" time="4.606"/>
  <testcase classname="testScript.ManageNewsTest" name="verifyUserIsAbleToSearch" time="5.683"/>
</testsuite> <!-- testScript.ManageNewsTest -->
