<?xml version="1.0" encoding="UTF-8"?>
<!-- Generated by org.testng.reporters.JUnitReportReporter -->
<testsuite hostname="LAPTOP-BNCIGNIM" failures="0" tests="3" name="testScript.AdminUserTest" time="28.110" errors="0" timestamp="2025-11-26T18:52:32 IST" skipped="0">
  <testcase classname="testScript.AdminUserTest" name="verifyUserIsAbleToSearchNewAddedUser" time="14.555"/>
  <testcase classname="testScript.AdminUserTest" name="verifyUserIsAbleToResetUsersInfo" time="6.418"/>
  <testcase classname="testScript.AdminUserTest" name="verifyUserIsAbleToAddNewAdminUser" time="7.137"/>
</testsuite> <!-- testScript.AdminUserTest -->
