<?xml version="1.0" encoding="UTF-8"?>
<!-- Generated by org.testng.reporters.JUnitReportReporter -->
<testsuite hostname="LAPTOP-BNCIGNIM" failures="0" tests="3" name="testScript.AdminUserTest" time="16.087" errors="0" timestamp="2025-11-21T11:30:18 IST" skipped="0">
  <testcase classname="testScript.AdminUserTest" name="verifyUserIsAbleToSearchNewAddedUser" time="4.387"/>
  <testcase classname="testScript.AdminUserTest" name="verifyUserIsAbleToAddNewAdminUser" time="7.818"/>
  <testcase classname="testScript.AdminUserTest" name="verifyUserIsAbleToResetUsersInfo" time="3.882"/>
</testsuite> <!-- testScript.AdminUserTest -->
