<?xml version="1.0" encoding="UTF-8"?>
<!-- Generated by org.testng.reporters.JUnitReportReporter -->
<testsuite hostname="LAPTOP-BNCIGNIM" failures="0" tests="2" name="testScript.LoginTest" time="10.394" errors="0" timestamp="2025-11-25T12:19:40 IST" skipped="0">
  <testcase classname="testScript.LoginTest" name="verifyUserLoginWithInvalidCredentials" time="6.136"/>
  <testcase classname="testScript.LoginTest" name="verifyUserLoginWithInvalidCredentials" time="4.258"/>
</testsuite> <!-- testScript.LoginTest -->
