<?xml version="1.0" encoding="UTF-8"?>
<testng-results ignored="0" total="7" passed="7" failed="0" skipped="0">
  <reporter-output>
  </reporter-output>
  <suite started-at="2025-11-21T11:29:35 IST" name="Parallel Testing" finished-at="2025-11-21T11:30:18 IST" duration-ms="43383">
    <groups>
      <group name="smoke">
        <method signature="LoginTest.verifyUserLoginWithValidCredentials()[pri:1, instance:testScript.LoginTest@2362f559]" name="verifyUserLoginWithValidCredentials" class="testScript.LoginTest"/>
        <method signature="LoginTest.verifyUserLoginWithInvalidCredentials()[pri:4, instance:testScript.LoginTest@2362f559]" name="verifyUserLoginWithInvalidCredentials" class="testScript.LoginTest"/>
      </group> <!-- smoke -->
    </groups>
    <test started-at="2025-11-21T11:29:35 IST" name="Test1" finished-at="2025-11-21T11:29:51 IST" duration-ms="16152">
      <class name="testScript.AdminUserTest">
        <test-method is-config="true" signature="initializeBrowser(java.lang.String)[pri:0, instance:testScript.AdminUserTest@5656be13]" started-at="2025-11-21T11:29:35 IST" name="initializeBrowser" finished-at="2025-11-21T11:29:38 IST" duration-ms="2559" status="PASS">
          <params>
            <param index="0">
              <value>
                <![CDATA[chrome]]>
              </value>
            </param>
          </params>
          <reporter-output>
          </reporter-output>
        </test-method> <!-- initializeBrowser -->
        <test-method signature="verifyUserIsAbleToAddNewAdminUser()[pri:0, instance:testScript.AdminUserTest@5656be13]" started-at="2025-11-21T11:29:38 IST" name="verifyUserIsAbleToAddNewAdminUser" description="verifying user able to add new admin user" finished-at="2025-11-21T11:29:42 IST" duration-ms="4799" status="PASS">
          <reporter-output>
          </reporter-output>
        </test-method> <!-- verifyUserIsAbleToAddNewAdminUser -->
        <test-method is-config="true" signature="driverQuit(org.testng.ITestResult)[pri:0, instance:testScript.AdminUserTest@5656be13]" started-at="2025-11-21T11:29:42 IST" name="driverQuit" finished-at="2025-11-21T11:29:43 IST" duration-ms="751" status="PASS">
          <params>
            <param index="0">
              <value>
                <![CDATA[[TestResult name=verifyUserIsAbleToAddNewAdminUser status=SUCCESS method=AdminUserTest.verifyUserIsAbleToAddNewAdminUser()[pri:0, instance:testScript.AdminUserTest@5656be13] output={null}]]]>
              </value>
            </param>
          </params>
          <reporter-output>
          </reporter-output>
        </test-method> <!-- driverQuit -->
        <test-method is-config="true" signature="initializeBrowser(java.lang.String)[pri:0, instance:testScript.AdminUserTest@5656be13]" started-at="2025-11-21T11:29:43 IST" name="initializeBrowser" finished-at="2025-11-21T11:29:45 IST" duration-ms="1870" status="PASS">
          <params>
            <param index="0">
              <value>
                <![CDATA[chrome]]>
              </value>
            </param>
          </params>
          <reporter-output>
          </reporter-output>
        </test-method> <!-- initializeBrowser -->
        <test-method signature="verifyUserIsAbleToResetUsersInfo()[pri:0, instance:testScript.AdminUserTest@5656be13]" started-at="2025-11-21T11:29:45 IST" name="verifyUserIsAbleToResetUsersInfo" description="verifying user able to reset the user info" finished-at="2025-11-21T11:29:46 IST" duration-ms="1544" status="PASS">
          <reporter-output>
          </reporter-output>
        </test-method> <!-- verifyUserIsAbleToResetUsersInfo -->
        <test-method is-config="true" signature="driverQuit(org.testng.ITestResult)[pri:0, instance:testScript.AdminUserTest@5656be13]" started-at="2025-11-21T11:29:46 IST" name="driverQuit" finished-at="2025-11-21T11:29:47 IST" duration-ms="460" status="PASS">
          <params>
            <param index="0">
              <value>
                <![CDATA[[TestResult name=verifyUserIsAbleToResetUsersInfo status=SUCCESS method=AdminUserTest.verifyUserIsAbleToResetUsersInfo()[pri:0, instance:testScript.AdminUserTest@5656be13] output={null}]]]>
              </value>
            </param>
          </params>
          <reporter-output>
          </reporter-output>
        </test-method> <!-- driverQuit -->
        <test-method is-config="true" signature="initializeBrowser(java.lang.String)[pri:0, instance:testScript.AdminUserTest@5656be13]" started-at="2025-11-21T11:29:47 IST" name="initializeBrowser" finished-at="2025-11-21T11:29:49 IST" duration-ms="1863" status="PASS">
          <params>
            <param index="0">
              <value>
                <![CDATA[chrome]]>
              </value>
            </param>
          </params>
          <reporter-output>
          </reporter-output>
        </test-method> <!-- initializeBrowser -->
        <test-method signature="verifyUserIsAbleToSearchNewAddedUser()[pri:0, instance:testScript.AdminUserTest@5656be13]" started-at="2025-11-21T11:29:49 IST" name="verifyUserIsAbleToSearchNewAddedUser" description="verifying user able to search the newly added user" finished-at="2025-11-21T11:29:51 IST" duration-ms="1773" status="PASS">
          <reporter-output>
          </reporter-output>
        </test-method> <!-- verifyUserIsAbleToSearchNewAddedUser -->
        <test-method is-config="true" signature="driverQuit(org.testng.ITestResult)[pri:0, instance:testScript.AdminUserTest@5656be13]" started-at="2025-11-21T11:29:51 IST" name="driverQuit" finished-at="2025-11-21T11:29:51 IST" duration-ms="468" status="PASS">
          <params>
            <param index="0">
              <value>
                <![CDATA[[TestResult name=verifyUserIsAbleToSearchNewAddedUser status=SUCCESS method=AdminUserTest.verifyUserIsAbleToSearchNewAddedUser()[pri:0, instance:testScript.AdminUserTest@5656be13] output={null}]]]>
              </value>
            </param>
          </params>
          <reporter-output>
          </reporter-output>
        </test-method> <!-- driverQuit -->
      </class> <!-- testScript.AdminUserTest -->
    </test> <!-- Test1 -->
    <test started-at="2025-11-21T11:29:51 IST" name="Test2" finished-at="2025-11-21T11:30:18 IST" duration-ms="27201">
      <class name="testScript.LoginTest">
        <test-method is-config="true" signature="initializeBrowser(java.lang.String)[pri:0, instance:testScript.LoginTest@2362f559]" started-at="2025-11-21T11:29:51 IST" name="initializeBrowser" finished-at="2025-11-21T11:29:57 IST" duration-ms="5894" status="PASS">
          <params>
            <param index="0">
              <value>
                <![CDATA[firefox]]>
              </value>
            </param>
          </params>
          <reporter-output>
          </reporter-output>
        </test-method> <!-- initializeBrowser -->
        <test-method signature="verifyUserLoginWithValidCredentials()[pri:1, instance:testScript.LoginTest@2362f559]" started-at="2025-11-21T11:29:57 IST" name="verifyUserLoginWithValidCredentials" description="verifying successful user login with valid credentials" finished-at="2025-11-21T11:29:58 IST" duration-ms="739" status="PASS">
          <reporter-output>
          </reporter-output>
        </test-method> <!-- verifyUserLoginWithValidCredentials -->
        <test-method is-config="true" signature="driverQuit(org.testng.ITestResult)[pri:0, instance:testScript.LoginTest@2362f559]" started-at="2025-11-21T11:29:58 IST" name="driverQuit" finished-at="2025-11-21T11:29:59 IST" duration-ms="1304" status="PASS">
          <params>
            <param index="0">
              <value>
                <![CDATA[[TestResult name=verifyUserLoginWithValidCredentials status=SUCCESS method=LoginTest.verifyUserLoginWithValidCredentials()[pri:1, instance:testScript.LoginTest@2362f559] output={null}]]]>
              </value>
            </param>
          </params>
          <reporter-output>
          </reporter-output>
        </test-method> <!-- driverQuit -->
        <test-method is-config="true" signature="initializeBrowser(java.lang.String)[pri:0, instance:testScript.LoginTest@2362f559]" started-at="2025-11-21T11:29:59 IST" name="initializeBrowser" finished-at="2025-11-21T11:30:04 IST" duration-ms="4893" status="PASS">
          <params>
            <param index="0">
              <value>
                <![CDATA[firefox]]>
              </value>
            </param>
          </params>
          <reporter-output>
          </reporter-output>
        </test-method> <!-- initializeBrowser -->
        <test-method signature="verifyUserLoginWithInvalidUsernameAndValidPassword()[pri:2, instance:testScript.LoginTest@2362f559]" started-at="2025-11-21T11:30:04 IST" name="verifyUserLoginWithInvalidUsernameAndValidPassword" description="verifying user login with invalid username and valid password" finished-at="2025-11-21T11:30:04 IST" duration-ms="482" status="PASS">
          <reporter-output>
          </reporter-output>
        </test-method> <!-- verifyUserLoginWithInvalidUsernameAndValidPassword -->
        <test-method is-config="true" signature="driverQuit(org.testng.ITestResult)[pri:0, instance:testScript.LoginTest@2362f559]" started-at="2025-11-21T11:30:04 IST" name="driverQuit" finished-at="2025-11-21T11:30:06 IST" duration-ms="1316" status="PASS">
          <params>
            <param index="0">
              <value>
                <![CDATA[[TestResult name=verifyUserLoginWithInvalidUsernameAndValidPassword status=SUCCESS method=LoginTest.verifyUserLoginWithInvalidUsernameAndValidPassword()[pri:2, instance:testScript.LoginTest@2362f559] output={null}]]]>
              </value>
            </param>
          </params>
          <reporter-output>
          </reporter-output>
        </test-method> <!-- driverQuit -->
        <test-method is-config="true" signature="initializeBrowser(java.lang.String)[pri:0, instance:testScript.LoginTest@2362f559]" started-at="2025-11-21T11:30:06 IST" name="initializeBrowser" finished-at="2025-11-21T11:30:10 IST" duration-ms="4362" status="PASS">
          <params>
            <param index="0">
              <value>
                <![CDATA[firefox]]>
              </value>
            </param>
          </params>
          <reporter-output>
          </reporter-output>
        </test-method> <!-- initializeBrowser -->
        <test-method signature="verifyUserLoginWithValidUsernameAndInvalidPassword()[pri:3, instance:testScript.LoginTest@2362f559]" started-at="2025-11-21T11:30:10 IST" name="verifyUserLoginWithValidUsernameAndInvalidPassword" description="verifying user login with valid username and invalid password" finished-at="2025-11-21T11:30:11 IST" duration-ms="485" status="PASS">
          <reporter-output>
          </reporter-output>
        </test-method> <!-- verifyUserLoginWithValidUsernameAndInvalidPassword -->
        <test-method is-config="true" signature="driverQuit(org.testng.ITestResult)[pri:0, instance:testScript.LoginTest@2362f559]" started-at="2025-11-21T11:30:11 IST" name="driverQuit" finished-at="2025-11-21T11:30:12 IST" duration-ms="1490" status="PASS">
          <params>
            <param index="0">
              <value>
                <![CDATA[[TestResult name=verifyUserLoginWithValidUsernameAndInvalidPassword status=SUCCESS method=LoginTest.verifyUserLoginWithValidUsernameAndInvalidPassword()[pri:3, instance:testScript.LoginTest@2362f559] output={null}]]]>
              </value>
            </param>
          </params>
          <reporter-output>
          </reporter-output>
        </test-method> <!-- driverQuit -->
        <test-method is-config="true" signature="initializeBrowser(java.lang.String)[pri:0, instance:testScript.LoginTest@2362f559]" started-at="2025-11-21T11:30:12 IST" name="initializeBrowser" finished-at="2025-11-21T11:30:17 IST" duration-ms="4573" status="PASS">
          <params>
            <param index="0">
              <value>
                <![CDATA[firefox]]>
              </value>
            </param>
          </params>
          <reporter-output>
          </reporter-output>
        </test-method> <!-- initializeBrowser -->
        <test-method signature="verifyUserLoginWithInvalidCredentials()[pri:4, instance:testScript.LoginTest@2362f559]" started-at="2025-11-21T11:30:17 IST" name="verifyUserLoginWithInvalidCredentials" description="verifying user login with invalid credentials" finished-at="2025-11-21T11:30:17 IST" duration-ms="457" status="PASS">
          <reporter-output>
          </reporter-output>
        </test-method> <!-- verifyUserLoginWithInvalidCredentials -->
        <test-method is-config="true" signature="driverQuit(org.testng.ITestResult)[pri:0, instance:testScript.LoginTest@2362f559]" started-at="2025-11-21T11:30:17 IST" name="driverQuit" finished-at="2025-11-21T11:30:18 IST" duration-ms="1186" status="PASS">
          <params>
            <param index="0">
              <value>
                <![CDATA[[TestResult name=verifyUserLoginWithInvalidCredentials status=SUCCESS method=LoginTest.verifyUserLoginWithInvalidCredentials()[pri:4, instance:testScript.LoginTest@2362f559] output={null}]]]>
              </value>
            </param>
          </params>
          <reporter-output>
          </reporter-output>
        </test-method> <!-- driverQuit -->
      </class> <!-- testScript.LoginTest -->
    </test> <!-- Test2 -->
  </suite> <!-- Parallel Testing -->
</testng-results>
