<?xml version="1.0" encoding="UTF-8"?>
<testng-results ignored="0" total="2" passed="2" failed="0" skipped="0">
  <reporter-output>
  </reporter-output>
  <suite started-at="2025-11-25T12:19:29 IST" name="Suite" finished-at="2025-11-25T12:19:40 IST" duration-ms="10510">
    <groups>
      <group name="smoke">
        <method signature="LoginTest.verifyUserLoginWithInvalidCredentials(java.lang.String,java.lang.String)[pri:4, instance:testScript.LoginTest@7486b455]" name="verifyUserLoginWithInvalidCredentials" class="testScript.LoginTest"/>
      </group> <!-- smoke -->
    </groups>
    <test started-at="2025-11-25T12:19:29 IST" name="Test" finished-at="2025-11-25T12:19:40 IST" duration-ms="10510">
      <class name="testScript.LoginTest">
        <test-method is-config="true" signature="initializeBrowser(java.lang.String)[pri:0, instance:testScript.LoginTest@7486b455]" started-at="2025-11-25T12:19:29 IST" name="initializeBrowser" finished-at="2025-11-25T12:19:33 IST" duration-ms="3791" status="PASS">
          <params>
            <param index="0">
              <value>
                <![CDATA[chrome]]>
              </value>
            </param>
          </params>
          <reporter-output>
          </reporter-output>
        </test-method> <!-- initializeBrowser -->
        <test-method signature="verifyUserLoginWithInvalidCredentials(java.lang.String,java.lang.String)[pri:4, instance:testScript.LoginTest@7486b455]" started-at="2025-11-25T12:19:33 IST" name="verifyUserLoginWithInvalidCredentials" description="verifying user login with invalid credentials" data-provider="loginProvider" finished-at="2025-11-25T12:19:34 IST" duration-ms="1089" status="PASS">
          <params>
            <param index="0">
              <value>
                <![CDATA[admin]]>
              </value>
            </param>
            <param index="1">
              <value>
                <![CDATA[admin22]]>
              </value>
            </param>
          </params>
          <reporter-output>
          </reporter-output>
        </test-method> <!-- verifyUserLoginWithInvalidCredentials -->
        <test-method is-config="true" signature="driverQuit(org.testng.ITestResult)[pri:0, instance:testScript.LoginTest@7486b455]" started-at="2025-11-25T12:19:34 IST" name="driverQuit" finished-at="2025-11-25T12:19:35 IST" duration-ms="1256" status="PASS">
          <params>
            <param index="0">
              <value>
                <![CDATA[[TestResult name=verifyUserLoginWithInvalidCredentials status=SUCCESS method=LoginTest.verifyUserLoginWithInvalidCredentials(java.lang.String,java.lang.String)[pri:4, instance:testScript.LoginTest@7486b455] output={null}]]]>
              </value>
            </param>
          </params>
          <reporter-output>
          </reporter-output>
        </test-method> <!-- driverQuit -->
        <test-method is-config="true" signature="initializeBrowser(java.lang.String)[pri:0, instance:testScript.LoginTest@7486b455]" started-at="2025-11-25T12:19:35 IST" name="initializeBrowser" finished-at="2025-11-25T12:19:37 IST" duration-ms="1787" status="PASS">
          <params>
            <param index="0">
              <value>
                <![CDATA[chrome]]>
              </value>
            </param>
          </params>
          <reporter-output>
          </reporter-output>
        </test-method> <!-- initializeBrowser -->
        <test-method signature="verifyUserLoginWithInvalidCredentials(java.lang.String,java.lang.String)[pri:4, instance:testScript.LoginTest@7486b455]" started-at="2025-11-25T12:19:37 IST" name="verifyUserLoginWithInvalidCredentials" description="verifying user login with invalid credentials" data-provider="loginProvider" finished-at="2025-11-25T12:19:38 IST" duration-ms="1314" status="PASS">
          <params>
            <param index="0">
              <value>
                <![CDATA[admin123]]>
              </value>
            </param>
            <param index="1">
              <value>
                <![CDATA[123]]>
              </value>
            </param>
          </params>
          <reporter-output>
          </reporter-output>
        </test-method> <!-- verifyUserLoginWithInvalidCredentials -->
        <test-method is-config="true" signature="driverQuit(org.testng.ITestResult)[pri:0, instance:testScript.LoginTest@7486b455]" started-at="2025-11-25T12:19:38 IST" name="driverQuit" finished-at="2025-11-25T12:19:40 IST" duration-ms="1157" status="PASS">
          <params>
            <param index="0">
              <value>
                <![CDATA[[TestResult name=verifyUserLoginWithInvalidCredentials status=SUCCESS method=LoginTest.verifyUserLoginWithInvalidCredentials(java.lang.String,java.lang.String)[pri:4, instance:testScript.LoginTest@7486b455] output={null}]]]>
              </value>
            </param>
          </params>
          <reporter-output>
          </reporter-output>
        </test-method> <!-- driverQuit -->
      </class> <!-- testScript.LoginTest -->
    </test> <!-- Test -->
  </suite> <!-- Suite -->
</testng-results>
