<?xml version="1.0" encoding="UTF-8"?>
<!-- Generated by org.testng.reporters.JUnitXMLReporter -->
<testsuite ignored="0" hostname="LAPTOP-BNCIGNIM" failures="0" tests="4" name="Test2" time="27.201" errors="0" timestamp="2025-11-21T11:30:18 IST">
  <testcase classname="testScript.LoginTest" name="verifyUserLoginWithValidCredentials" time="0.739"/>
  <testcase classname="testScript.LoginTest" name="verifyUserLoginWithInvalidUsernameAndValidPassword" time="0.482"/>
  <testcase classname="testScript.LoginTest" name="verifyUserLoginWithValidUsernameAndInvalidPassword" time="0.485"/>
  <testcase classname="testScript.LoginTest" name="verifyUserLoginWithInvalidCredentials" time="0.457"/>
</testsuite> <!-- Test2 -->
