<?xml version="1.0" encoding="UTF-8"?>
<!-- Generated by org.testng.reporters.JUnitXMLReporter -->
<testsuite ignored="0" hostname="LAPTOP-BNCIGNIM" failures="0" tests="3" name="Test1" time="16.152" errors="0" timestamp="2025-11-21T11:29:51 IST">
  <testcase classname="testScript.AdminUserTest" name="verifyUserIsAbleToAddNewAdminUser" time="4.799"/>
  <testcase classname="testScript.AdminUserTest" name="verifyUserIsAbleToResetUsersInfo" time="1.544"/>
  <testcase classname="testScript.AdminUserTest" name="verifyUserIsAbleToSearchNewAddedUser" time="1.773"/>
</testsuite> <!-- Test1 -->
