<?xml version="1.0" encoding="UTF-8"?>
<!-- Generated by org.testng.reporters.JUnitXMLReporter -->
<testsuite ignored="2" hostname="LAPTOP-BNCIGNIM" failures="0" tests="1" name="ChromeTest" time="5.114" errors="0" timestamp="2025-11-19T11:33:41 IST">
  <testcase classname="testScript.AdminUserTest" name="verifyUserIsAbleToResetUsersInfo" time="2.928"/>
  <testcase classname="testScript.AdminUserTest" name="verifyUserIsAbleToSearchNewAddedUser" time="0.0">
    <ignored/>
  </testcase> <!-- verifyUserIsAbleToSearchNewAddedUser -->
  <testcase classname="testScript.AdminUserTest" name="verifyUserIsAbleToAddNewAdminUser" time="0.0">
    <ignored/>
  </testcase> <!-- verifyUserIsAbleToAddNewAdminUser -->
</testsuite> <!-- ChromeTest -->
