<?xml version="1.0" encoding="UTF-8"?>
<!-- Generated by org.testng.reporters.JUnitXMLReporter -->
<testsuite ignored="2" hostname="LAPTOP-BNCIGNIM" failures="0" tests="1" name="Firefox test" time="4.478" errors="0" timestamp="2025-11-19T18:31:21 IST">
  <testcase classname="testScript.AdminUserTest" name="verifyUserIsAbleToResetUsersInfo" time="1.114"/>
  <testcase classname="testScript.AdminUserTest" name="verifyUserIsAbleToSearchNewAddedUser" time="0.0">
    <ignored/>
  </testcase> <!-- verifyUserIsAbleToSearchNewAddedUser -->
  <testcase classname="testScript.AdminUserTest" name="verifyUserIsAbleToAddNewAdminUser" time="0.0">
    <ignored/>
  </testcase> <!-- verifyUserIsAbleToAddNewAdminUser -->
</testsuite> <!-- Firefox test -->
