<?xml version="1.0" encoding="UTF-8"?>
<!-- Generated by org.testng.reporters.JUnitXMLReporter -->
<testsuite ignored="2" hostname="LAPTOP-BNCIGNIM" failures="0" tests="1" name="FireFoxTest" time="4.379" errors="0" timestamp="2025-11-19T11:33:45 IST">
  <testcase classname="testScript.AdminUserTest" name="verifyUserIsAbleToResetUsersInfo" time="0.903"/>
  <testcase classname="testScript.AdminUserTest" name="verifyUserIsAbleToSearchNewAddedUser" time="0.0">
    <ignored/>
  </testcase> <!-- verifyUserIsAbleToSearchNewAddedUser -->
  <testcase classname="testScript.AdminUserTest" name="verifyUserIsAbleToAddNewAdminUser" time="0.0">
    <ignored/>
  </testcase> <!-- verifyUserIsAbleToAddNewAdminUser -->
</testsuite> <!-- FireFoxTest -->
